<?xml version="1.0" encoding="utf-8"?><testsuites name="pytest tests"><testsuite name="pytest" errors="0" failures="0" skipped="0" tests="22" time="7.472" timestamp="2026-01-10T19:31:21.411033+00:00" hostname="agent-env-2fbe08f0-bbba-4a35-b16a-39b68e3f0f73"><testcase classname="tests.test_backend_api.TestAuth" name="test_admin_login_success" time="0.302" /><testcase classname="tests.test_backend_api.TestAuth" name="test_security_login_success" time="0.262" /><testcase classname="tests.test_backend_api.TestAuth" name="test_login_invalid_credentials" time="0.038" /><testcase classname="tests.test_backend_api.TestUserManagement" name="test_get_users_list" time="0.341" /><testcase classname="tests.test_backend_api.TestUserManagement" name="test_create_user" time="0.612" /><testcase classname="tests.test_backend_api.TestUserManagement" name="test_create_user_duplicate_email" time="0.338" /><testcase classname="tests.test_backend_api.TestUserManagement" name="test_update_user" time="0.686" /><testcase classname="tests.test_backend_api.TestUserManagement" name="test_delete_user" time="0.602" /><testcase classname="tests.test_backend_api.TestUserManagement" name="test_delete_self_not_allowed" time="0.342" /><testcase classname="tests.test_backend_api.TestUserManagement" name="test_users_requires_admin_role" time="0.077" /><testcase classname="tests.test_backend_api.TestPagination" name="test_personnel_pagination_default" time="0.293" /><testcase classname="tests.test_backend_api.TestPagination" name="test_personnel_pagination_with_params" time="0.307" /><testcase classname="tests.test_backend_api.TestPagination" name="test_personnel_pagination_page_2" time="0.299" /><testcase classname="tests.test_backend_api.TestPagination" name="test_entry_logs_paginated" time="0.299" /><testcase classname="tests.test_backend_api.TestAlerts" name="test_get_expiring_documents" time="0.345" /><testcase classname="tests.test_backend_api.TestAlerts" name="test_get_expiring_documents_custom_days" time="0.319" /><testcase classname="tests.test_backend_api.TestAlerts" name="test_alerts_structure" time="0.334" /><testcase classname="tests.test_backend_api.TestAlerts" name="test_alerts_requires_auth" time="0.035" /><testcase classname="tests.test_backend_api.TestDashboardStats" name="test_dashboard_stats" time="0.305" /><testcase classname="tests.test_backend_api.TestExistingEndpoints" name="test_entry_logs_non_paginated" time="0.301" /><testcase classname="tests.test_backend_api.TestExistingEndpoints" name="test_document_types" time="0.302" /><testcase classname="tests.test_backend_api.TestExistingEndpoints" name="test_personnel_search" time="0.633" /></testsuite></testsuites>